{"/workspaces/Financial-Expenses-Tracker/server/app.js": {"path":"/workspaces/Financial-Expenses-Tracker/server/app.js","statementMap":{"0":{"start":{"line":1,"column":16},"end":{"line":1,"column":34}},"1":{"start":{"line":2,"column":13},"end":{"line":2,"column":28}},"2":{"start":{"line":3,"column":15},"end":{"line":3,"column":32}},"3":{"start":{"line":4,"column":19},"end":{"line":4,"column":44}},"4":{"start":{"line":5,"column":22},"end":{"line":5,"column":50}},"5":{"start":{"line":6,"column":21},"end":{"line":6,"column":48}},"6":{"start":{"line":7,"column":28},"end":{"line":7,"column":61}},"7":{"start":{"line":9,"column":0},"end":{"line":9,"column":16}},"8":{"start":{"line":11,"column":12},"end":{"line":11,"column":21}},"9":{"start":{"line":13,"column":0},"end":{"line":16,"column":3}},"10":{"start":{"line":14,"column":2},"end":{"line":14,"column":60}},"11":{"start":{"line":15,"column":2},"end":{"line":15,"column":9}},"12":{"start":{"line":18,"column":0},"end":{"line":27,"column":4}},"13":{"start":{"line":29,"column":0},"end":{"line":29,"column":24}},"14":{"start":{"line":31,"column":0},"end":{"line":31,"column":34}},"15":{"start":{"line":32,"column":0},"end":{"line":32,"column":40}},"16":{"start":{"line":33,"column":0},"end":{"line":33,"column":38}},"17":{"start":{"line":34,"column":0},"end":{"line":34,"column":51}},"18":{"start":{"line":36,"column":0},"end":{"line":36,"column":21}}},"fnMap":{"0":{"name":"(anonymous_0)","decl":{"start":{"line":13,"column":8},"end":{"line":13,"column":9}},"loc":{"start":{"line":13,"column":28},"end":{"line":16,"column":1}},"line":13}},"branchMap":{},"s":{"0":1,"1":1,"2":1,"3":1,"4":1,"5":1,"6":1,"7":1,"8":1,"9":1,"10":5,"11":5,"12":1,"13":1,"14":1,"15":1,"16":1,"17":1,"18":1},"f":{"0":5},"b":{},"_coverageSchema":"1a1c01bbd47fc00a2c39e90264f33305004495a9","hash":"d776aa752d97724e4047ac307da2ad119eec76da"}
,"/workspaces/Financial-Expenses-Tracker/server/controllers/budgetsController.js": {"path":"/workspaces/Financial-Expenses-Tracker/server/controllers/budgetsController.js","statementMap":{"0":{"start":{"line":1,"column":11},"end":{"line":1,"column":27}},"1":{"start":{"line":3,"column":20},"end":{"line":21,"column":1}},"2":{"start":{"line":4,"column":2},"end":{"line":20,"column":3}},"3":{"start":{"line":5,"column":19},"end":{"line":5,"column":30}},"4":{"start":{"line":6,"column":4},"end":{"line":6,"column":69}},"5":{"start":{"line":8,"column":19},"end":{"line":11,"column":5}},"6":{"start":{"line":13,"column":4},"end":{"line":13,"column":69}},"7":{"start":{"line":14,"column":4},"end":{"line":14,"column":61}},"8":{"start":{"line":16,"column":4},"end":{"line":16,"column":26}},"9":{"start":{"line":18,"column":4},"end":{"line":18,"column":67}},"10":{"start":{"line":19,"column":4},"end":{"line":19,"column":61}},"11":{"start":{"line":23,"column":24},"end":{"line":54,"column":1}},"12":{"start":{"line":24,"column":2},"end":{"line":53,"column":3}},"13":{"start":{"line":25,"column":19},"end":{"line":25,"column":30}},"14":{"start":{"line":27,"column":18},"end":{"line":46,"column":5}},"15":{"start":{"line":48,"column":19},"end":{"line":48,"column":50}},"16":{"start":{"line":49,"column":4},"end":{"line":49,"column":26}},"17":{"start":{"line":51,"column":4},"end":{"line":51,"column":58}},"18":{"start":{"line":52,"column":4},"end":{"line":52,"column":69}},"19":{"start":{"line":56,"column":22},"end":{"line":75,"column":1}},"20":{"start":{"line":57,"column":2},"end":{"line":74,"column":3}},"21":{"start":{"line":58,"column":19},"end":{"line":58,"column":29}},"22":{"start":{"line":59,"column":19},"end":{"line":59,"column":30}},"23":{"start":{"line":61,"column":19},"end":{"line":64,"column":5}},"24":{"start":{"line":66,"column":4},"end":{"line":68,"column":5}},"25":{"start":{"line":67,"column":6},"end":{"line":67,"column":65}},"26":{"start":{"line":70,"column":4},"end":{"line":70,"column":29}},"27":{"start":{"line":72,"column":4},"end":{"line":72,"column":51}},"28":{"start":{"line":73,"column":4},"end":{"line":73,"column":61}},"29":{"start":{"line":77,"column":26},"end":{"line":107,"column":1}},"30":{"start":{"line":78,"column":2},"end":{"line":106,"column":3}},"31":{"start":{"line":79,"column":19},"end":{"line":79,"column":29}},"32":{"start":{"line":80,"column":19},"end":{"line":80,"column":30}},"33":{"start":{"line":82,"column":25},"end":{"line":85,"column":5}},"34":{"start":{"line":87,"column":4},"end":{"line":89,"column":5}},"35":{"start":{"line":88,"column":6},"end":{"line":88,"column":65}},"36":{"start":{"line":91,"column":19},"end":{"line":91,"column":39}},"37":{"start":{"line":93,"column":27},"end":{"line":100,"column":69}},"38":{"start":{"line":102,"column":4},"end":{"line":102,"column":34}},"39":{"start":{"line":104,"column":4},"end":{"line":104,"column":60}},"40":{"start":{"line":105,"column":4},"end":{"line":105,"column":61}},"41":{"start":{"line":109,"column":23},"end":{"line":133,"column":1}},"42":{"start":{"line":110,"column":2},"end":{"line":110,"column":59}},"43":{"start":{"line":112,"column":59},"end":{"line":112,"column":67}},"44":{"start":{"line":114,"column":2},"end":{"line":119,"column":3}},"45":{"start":{"line":115,"column":4},"end":{"line":115,"column":61}},"46":{"start":{"line":116,"column":4},"end":{"line":118,"column":7}},"47":{"start":{"line":121,"column":2},"end":{"line":124,"column":3}},"48":{"start":{"line":122,"column":4},"end":{"line":122,"column":61}},"49":{"start":{"line":123,"column":4},"end":{"line":123,"column":76}},"50":{"start":{"line":126,"column":2},"end":{"line":129,"column":3}},"51":{"start":{"line":127,"column":4},"end":{"line":127,"column":90}},"52":{"start":{"line":128,"column":4},"end":{"line":128,"column":81}},"53":{"start":{"line":131,"column":2},"end":{"line":131,"column":53}},"54":{"start":{"line":132,"column":2},"end":{"line":132,"column":9}},"55":{"start":{"line":135,"column":21},"end":{"line":166,"column":1}},"56":{"start":{"line":136,"column":2},"end":{"line":165,"column":3}},"57":{"start":{"line":137,"column":4},"end":{"line":137,"column":59}},"58":{"start":{"line":138,"column":4},"end":{"line":138,"column":57}},"59":{"start":{"line":140,"column":74},"end":{"line":140,"column":82}},"60":{"start":{"line":141,"column":19},"end":{"line":141,"column":30}},"61":{"start":{"line":143,"column":4},"end":{"line":148,"column":5}},"62":{"start":{"line":144,"column":6},"end":{"line":144,"column":61}},"63":{"start":{"line":145,"column":6},"end":{"line":147,"column":9}},"64":{"start":{"line":150,"column":4},"end":{"line":152,"column":7}},"65":{"start":{"line":154,"column":19},"end":{"line":158,"column":5}},"66":{"start":{"line":160,"column":4},"end":{"line":160,"column":80}},"67":{"start":{"line":161,"column":4},"end":{"line":161,"column":41}},"68":{"start":{"line":163,"column":4},"end":{"line":163,"column":67}},"69":{"start":{"line":164,"column":4},"end":{"line":164,"column":61}},"70":{"start":{"line":168,"column":21},"end":{"line":190,"column":1}},"71":{"start":{"line":169,"column":2},"end":{"line":189,"column":3}},"72":{"start":{"line":170,"column":19},"end":{"line":170,"column":29}},"73":{"start":{"line":171,"column":74},"end":{"line":171,"column":82}},"74":{"start":{"line":172,"column":19},"end":{"line":172,"column":30}},"75":{"start":{"line":174,"column":19},"end":{"line":179,"column":5}},"76":{"start":{"line":181,"column":4},"end":{"line":183,"column":5}},"77":{"start":{"line":182,"column":6},"end":{"line":182,"column":65}},"78":{"start":{"line":185,"column":4},"end":{"line":185,"column":29}},"79":{"start":{"line":187,"column":4},"end":{"line":187,"column":51}},"80":{"start":{"line":188,"column":4},"end":{"line":188,"column":61}},"81":{"start":{"line":192,"column":21},"end":{"line":211,"column":1}},"82":{"start":{"line":193,"column":2},"end":{"line":210,"column":3}},"83":{"start":{"line":194,"column":19},"end":{"line":194,"column":29}},"84":{"start":{"line":195,"column":19},"end":{"line":195,"column":30}},"85":{"start":{"line":197,"column":19},"end":{"line":200,"column":5}},"86":{"start":{"line":202,"column":4},"end":{"line":204,"column":5}},"87":{"start":{"line":203,"column":6},"end":{"line":203,"column":65}},"88":{"start":{"line":206,"column":4},"end":{"line":206,"column":57}},"89":{"start":{"line":208,"column":4},"end":{"line":208,"column":51}},"90":{"start":{"line":209,"column":4},"end":{"line":209,"column":61}},"91":{"start":{"line":213,"column":0},"end":{"line":222,"column":2}}},"fnMap":{"0":{"name":"(anonymous_0)","decl":{"start":{"line":3,"column":20},"end":{"line":3,"column":21}},"loc":{"start":{"line":3,"column":40},"end":{"line":21,"column":1}},"line":3},"1":{"name":"(anonymous_1)","decl":{"start":{"line":23,"column":24},"end":{"line":23,"column":25}},"loc":{"start":{"line":23,"column":44},"end":{"line":54,"column":1}},"line":23},"2":{"name":"(anonymous_2)","decl":{"start":{"line":56,"column":22},"end":{"line":56,"column":23}},"loc":{"start":{"line":56,"column":42},"end":{"line":75,"column":1}},"line":56},"3":{"name":"(anonymous_3)","decl":{"start":{"line":77,"column":26},"end":{"line":77,"column":27}},"loc":{"start":{"line":77,"column":46},"end":{"line":107,"column":1}},"line":77},"4":{"name":"(anonymous_4)","decl":{"start":{"line":109,"column":23},"end":{"line":109,"column":24}},"loc":{"start":{"line":109,"column":43},"end":{"line":133,"column":1}},"line":109},"5":{"name":"(anonymous_5)","decl":{"start":{"line":135,"column":21},"end":{"line":135,"column":22}},"loc":{"start":{"line":135,"column":41},"end":{"line":166,"column":1}},"line":135},"6":{"name":"(anonymous_6)","decl":{"start":{"line":168,"column":21},"end":{"line":168,"column":22}},"loc":{"start":{"line":168,"column":41},"end":{"line":190,"column":1}},"line":168},"7":{"name":"(anonymous_7)","decl":{"start":{"line":192,"column":21},"end":{"line":192,"column":22}},"loc":{"start":{"line":192,"column":41},"end":{"line":211,"column":1}},"line":192}},"branchMap":{"0":{"loc":{"start":{"line":66,"column":4},"end":{"line":68,"column":5}},"type":"if","locations":[{"start":{"line":66,"column":4},"end":{"line":68,"column":5}},{"start":{},"end":{}}],"line":66},"1":{"loc":{"start":{"line":87,"column":4},"end":{"line":89,"column":5}},"type":"if","locations":[{"start":{"line":87,"column":4},"end":{"line":89,"column":5}},{"start":{},"end":{}}],"line":87},"2":{"loc":{"start":{"line":114,"column":2},"end":{"line":119,"column":3}},"type":"if","locations":[{"start":{"line":114,"column":2},"end":{"line":119,"column":3}},{"start":{},"end":{}}],"line":114},"3":{"loc":{"start":{"line":114,"column":6},"end":{"line":114,"column":63}},"type":"binary-expr","locations":[{"start":{"line":114,"column":6},"end":{"line":114,"column":11}},{"start":{"line":114,"column":15},"end":{"line":114,"column":22}},{"start":{"line":114,"column":26},"end":{"line":114,"column":35}},{"start":{"line":114,"column":39},"end":{"line":114,"column":50}},{"start":{"line":114,"column":54},"end":{"line":114,"column":63}}],"line":114},"4":{"loc":{"start":{"line":121,"column":2},"end":{"line":124,"column":3}},"type":"if","locations":[{"start":{"line":121,"column":2},"end":{"line":124,"column":3}},{"start":{},"end":{}}],"line":121},"5":{"loc":{"start":{"line":126,"column":2},"end":{"line":129,"column":3}},"type":"if","locations":[{"start":{"line":126,"column":2},"end":{"line":129,"column":3}},{"start":{},"end":{}}],"line":126},"6":{"loc":{"start":{"line":143,"column":4},"end":{"line":148,"column":5}},"type":"if","locations":[{"start":{"line":143,"column":4},"end":{"line":148,"column":5}},{"start":{},"end":{}}],"line":143},"7":{"loc":{"start":{"line":143,"column":8},"end":{"line":143,"column":81}},"type":"binary-expr","locations":[{"start":{"line":143,"column":8},"end":{"line":143,"column":13}},{"start":{"line":143,"column":17},"end":{"line":143,"column":24}},{"start":{"line":143,"column":28},"end":{"line":143,"column":37}},{"start":{"line":143,"column":41},"end":{"line":143,"column":53}},{"start":{"line":143,"column":57},"end":{"line":143,"column":68}},{"start":{"line":143,"column":72},"end":{"line":143,"column":81}}],"line":143},"8":{"loc":{"start":{"line":181,"column":4},"end":{"line":183,"column":5}},"type":"if","locations":[{"start":{"line":181,"column":4},"end":{"line":183,"column":5}},{"start":{},"end":{}}],"line":181},"9":{"loc":{"start":{"line":202,"column":4},"end":{"line":204,"column":5}},"type":"if","locations":[{"start":{"line":202,"column":4},"end":{"line":204,"column":5}},{"start":{},"end":{}}],"line":202}},"s":{"0":1,"1":1,"2":0,"3":0,"4":0,"5":0,"6":0,"7":0,"8":0,"9":0,"10":0,"11":1,"12":0,"13":0,"14":0,"15":0,"16":0,"17":0,"18":0,"19":1,"20":0,"21":0,"22":0,"23":0,"24":0,"25":0,"26":0,"27":0,"28":0,"29":1,"30":0,"31":0,"32":0,"33":0,"34":0,"35":0,"36":0,"37":0,"38":0,"39":0,"40":0,"41":1,"42":0,"43":0,"44":0,"45":0,"46":0,"47":0,"48":0,"49":0,"50":0,"51":0,"52":0,"53":0,"54":0,"55":1,"56":0,"57":0,"58":0,"59":0,"60":0,"61":0,"62":0,"63":0,"64":0,"65":0,"66":0,"67":0,"68":0,"69":0,"70":1,"71":0,"72":0,"73":0,"74":0,"75":0,"76":0,"77":0,"78":0,"79":0,"80":0,"81":1,"82":0,"83":0,"84":0,"85":0,"86":0,"87":0,"88":0,"89":0,"90":0,"91":1},"f":{"0":0,"1":0,"2":0,"3":0,"4":0,"5":0,"6":0,"7":0},"b":{"0":[0,0],"1":[0,0],"2":[0,0],"3":[0,0,0,0,0],"4":[0,0],"5":[0,0],"6":[0,0],"7":[0,0,0,0,0,0],"8":[0,0],"9":[0,0]},"_coverageSchema":"1a1c01bbd47fc00a2c39e90264f33305004495a9","hash":"6dac8d24c1df828a263b124dad5585bbbd22a5c5"}
,"/workspaces/Financial-Expenses-Tracker/server/controllers/expensesController": {"path":"/workspaces/Financial-Expenses-Tracker/server/controllers/expensesController","statementMap":{"0":{"start":{"line":1,"column":11},"end":{"line":1,"column":27}},"1":{"start":{"line":2,"column":13},"end":{"line":2,"column":28}},"2":{"start":{"line":3,"column":0},"end":{"line":3,"column":71}},"3":{"start":{"line":5,"column":25},"end":{"line":5,"column":28}},"4":{"start":{"line":6,"column":23},"end":{"line":6,"column":26}},"5":{"start":{"line":7,"column":26},"end":{"line":7,"column":29}},"6":{"start":{"line":9,"column":0},"end":{"line":30,"column":2}},"7":{"start":{"line":10,"column":50},"end":{"line":10,"column":58}},"8":{"start":{"line":11,"column":2},"end":{"line":21,"column":3}},"9":{"start":{"line":18,"column":4},"end":{"line":20,"column":106}},"10":{"start":{"line":23,"column":2},"end":{"line":25,"column":3}},"11":{"start":{"line":24,"column":4},"end":{"line":24,"column":79}},"12":{"start":{"line":27,"column":2},"end":{"line":27,"column":44}},"13":{"start":{"line":28,"column":2},"end":{"line":28,"column":38}},"14":{"start":{"line":29,"column":2},"end":{"line":29,"column":9}},"15":{"start":{"line":32,"column":0},"end":{"line":46,"column":2}},"16":{"start":{"line":33,"column":50},"end":{"line":33,"column":58}},"17":{"start":{"line":34,"column":2},"end":{"line":45,"column":3}},"18":{"start":{"line":35,"column":21},"end":{"line":40,"column":5}},"19":{"start":{"line":41,"column":4},"end":{"line":41,"column":54}},"20":{"start":{"line":43,"column":4},"end":{"line":43,"column":49}},"21":{"start":{"line":44,"column":4},"end":{"line":44,"column":83}},"22":{"start":{"line":48,"column":0},"end":{"line":67,"column":2}},"23":{"start":{"line":49,"column":20},"end":{"line":49,"column":47}},"24":{"start":{"line":50,"column":2},"end":{"line":52,"column":3}},"25":{"start":{"line":51,"column":4},"end":{"line":51,"column":78}},"26":{"start":{"line":54,"column":2},"end":{"line":66,"column":3}},"27":{"start":{"line":55,"column":25},"end":{"line":58,"column":5}},"28":{"start":{"line":59,"column":4},"end":{"line":61,"column":5}},"29":{"start":{"line":60,"column":6},"end":{"line":60,"column":77}},"30":{"start":{"line":62,"column":4},"end":{"line":62,"column":46}},"31":{"start":{"line":64,"column":4},"end":{"line":64,"column":49}},"32":{"start":{"line":65,"column":4},"end":{"line":65,"column":85}},"33":{"start":{"line":69,"column":0},"end":{"line":83,"column":2}},"34":{"start":{"line":70,"column":2},"end":{"line":82,"column":3}},"35":{"start":{"line":71,"column":21},"end":{"line":77,"column":5}},"36":{"start":{"line":78,"column":4},"end":{"line":78,"column":40}},"37":{"start":{"line":80,"column":4},"end":{"line":80,"column":48}},"38":{"start":{"line":81,"column":4},"end":{"line":81,"column":85}},"39":{"start":{"line":85,"column":0},"end":{"line":99,"column":2}},"40":{"start":{"line":86,"column":2},"end":{"line":98,"column":3}},"41":{"start":{"line":87,"column":21},"end":{"line":93,"column":5}},"42":{"start":{"line":94,"column":4},"end":{"line":94,"column":39}},"43":{"start":{"line":96,"column":4},"end":{"line":96,"column":43}},"44":{"start":{"line":97,"column":4},"end":{"line":97,"column":89}}},"fnMap":{"0":{"name":"(anonymous_0)","decl":{"start":{"line":9,"column":26},"end":{"line":9,"column":27}},"loc":{"start":{"line":9,"column":46},"end":{"line":30,"column":1}},"line":9},"1":{"name":"(anonymous_1)","decl":{"start":{"line":32,"column":24},"end":{"line":32,"column":25}},"loc":{"start":{"line":32,"column":44},"end":{"line":46,"column":1}},"line":32},"2":{"name":"(anonymous_2)","decl":{"start":{"line":48,"column":24},"end":{"line":48,"column":25}},"loc":{"start":{"line":48,"column":44},"end":{"line":67,"column":1}},"line":48},"3":{"name":"(anonymous_3)","decl":{"start":{"line":69,"column":23},"end":{"line":69,"column":24}},"loc":{"start":{"line":69,"column":43},"end":{"line":83,"column":1}},"line":69},"4":{"name":"(anonymous_4)","decl":{"start":{"line":85,"column":18},"end":{"line":85,"column":19}},"loc":{"start":{"line":85,"column":38},"end":{"line":99,"column":1}},"line":85}},"branchMap":{"0":{"loc":{"start":{"line":11,"column":2},"end":{"line":21,"column":3}},"type":"if","locations":[{"start":{"line":11,"column":2},"end":{"line":21,"column":3}},{"start":{},"end":{}}],"line":11},"1":{"loc":{"start":{"line":12,"column":4},"end":{"line":16,"column":21}},"type":"binary-expr","locations":[{"start":{"line":12,"column":4},"end":{"line":12,"column":18}},{"start":{"line":13,"column":4},"end":{"line":13,"column":30}},{"start":{"line":14,"column":4},"end":{"line":14,"column":24}},{"start":{"line":15,"column":4},"end":{"line":15,"column":17}},{"start":{"line":16,"column":4},"end":{"line":16,"column":21}}],"line":12},"2":{"loc":{"start":{"line":23,"column":2},"end":{"line":25,"column":3}},"type":"if","locations":[{"start":{"line":23,"column":2},"end":{"line":25,"column":3}},{"start":{},"end":{}}],"line":23},"3":{"loc":{"start":{"line":50,"column":2},"end":{"line":52,"column":3}},"type":"if","locations":[{"start":{"line":50,"column":2},"end":{"line":52,"column":3}},{"start":{},"end":{}}],"line":50},"4":{"loc":{"start":{"line":59,"column":4},"end":{"line":61,"column":5}},"type":"if","locations":[{"start":{"line":59,"column":4},"end":{"line":61,"column":5}},{"start":{},"end":{}}],"line":59}},"s":{"0":1,"1":1,"2":1,"3":1,"4":1,"5":1,"6":1,"7":0,"8":0,"9":0,"10":0,"11":0,"12":0,"13":0,"14":0,"15":1,"16":0,"17":0,"18":0,"19":0,"20":0,"21":0,"22":1,"23":0,"24":0,"25":0,"26":0,"27":0,"28":0,"29":0,"30":0,"31":0,"32":0,"33":1,"34":0,"35":0,"36":0,"37":0,"38":0,"39":1,"40":0,"41":0,"42":0,"43":0,"44":0},"f":{"0":0,"1":0,"2":0,"3":0,"4":0},"b":{"0":[0,0],"1":[0,0,0,0,0],"2":[0,0],"3":[0,0],"4":[0,0]},"inputSourceMap":null,"_coverageSchema":"1a1c01bbd47fc00a2c39e90264f33305004495a9","hash":"fba2a74386e38bee7f9a6082b5e5f664df715d09"}
,"/workspaces/Financial-Expenses-Tracker/server/controllers/visualizationController.js": {"path":"/workspaces/Financial-Expenses-Tracker/server/controllers/visualizationController.js","statementMap":{"0":{"start":{"line":1,"column":11},"end":{"line":1,"column":27}},"1":{"start":{"line":2,"column":13},"end":{"line":2,"column":28}},"2":{"start":{"line":3,"column":0},"end":{"line":3,"column":71}},"3":{"start":{"line":5,"column":26},"end":{"line":5,"column":29}},"4":{"start":{"line":7,"column":0},"end":{"line":105,"column":2}},"5":{"start":{"line":8,"column":17},"end":{"line":8,"column":28}},"6":{"start":{"line":10,"column":2},"end":{"line":104,"column":3}},"7":{"start":{"line":11,"column":24},"end":{"line":28,"column":5}},"8":{"start":{"line":30,"column":31},"end":{"line":39,"column":5}},"9":{"start":{"line":41,"column":31},"end":{"line":50,"column":5}},"10":{"start":{"line":52,"column":35},"end":{"line":60,"column":5}},"11":{"start":{"line":62,"column":35},"end":{"line":83,"column":5}},"12":{"start":{"line":85,"column":93},"end":{"line":91,"column":6}},"13":{"start":{"line":93,"column":4},"end":{"line":99,"column":7}},"14":{"start":{"line":102,"column":4},"end":{"line":102,"column":58}},"15":{"start":{"line":103,"column":4},"end":{"line":103,"column":88}},"16":{"start":{"line":107,"column":0},"end":{"line":152,"column":2}},"17":{"start":{"line":108,"column":17},"end":{"line":108,"column":28}},"18":{"start":{"line":110,"column":2},"end":{"line":151,"column":3}},"19":{"start":{"line":111,"column":29},"end":{"line":137,"column":5}},"20":{"start":{"line":139,"column":19},"end":{"line":139,"column":61}},"21":{"start":{"line":141,"column":4},"end":{"line":146,"column":7}},"22":{"start":{"line":149,"column":4},"end":{"line":149,"column":58}},"23":{"start":{"line":150,"column":4},"end":{"line":150,"column":93}}},"fnMap":{"0":{"name":"(anonymous_0)","decl":{"start":{"line":7,"column":31},"end":{"line":7,"column":32}},"loc":{"start":{"line":7,"column":51},"end":{"line":105,"column":1}},"line":7},"1":{"name":"(anonymous_1)","decl":{"start":{"line":107,"column":31},"end":{"line":107,"column":32}},"loc":{"start":{"line":107,"column":51},"end":{"line":152,"column":1}},"line":107}},"branchMap":{"0":{"loc":{"start":{"line":141,"column":13},"end":{"line":146,"column":5}},"type":"binary-expr","locations":[{"start":{"line":141,"column":13},"end":{"line":141,"column":27}},{"start":{"line":141,"column":31},"end":{"line":146,"column":5}}],"line":141}},"s":{"0":1,"1":1,"2":1,"3":1,"4":1,"5":0,"6":0,"7":0,"8":0,"9":0,"10":0,"11":0,"12":0,"13":0,"14":0,"15":0,"16":1,"17":0,"18":0,"19":0,"20":0,"21":0,"22":0,"23":0},"f":{"0":0,"1":0},"b":{"0":[0,0]},"_coverageSchema":"1a1c01bbd47fc00a2c39e90264f33305004495a9","hash":"dec94c9f574ee3303833bdab984ce76ebadf7eeb"}
,"/workspaces/Financial-Expenses-Tracker/server/middleware/auth.js": {"path":"/workspaces/Financial-Expenses-Tracker/server/middleware/auth.js","statementMap":{"0":{"start":{"line":1,"column":12},"end":{"line":1,"column":35}},"1":{"start":{"line":2,"column":13},"end":{"line":2,"column":28}},"2":{"start":{"line":3,"column":0},"end":{"line":5,"column":3}},"3":{"start":{"line":7,"column":0},"end":{"line":29,"column":2}},"4":{"start":{"line":8,"column":21},"end":{"line":8,"column":46}},"5":{"start":{"line":10,"column":2},"end":{"line":12,"column":3}},"6":{"start":{"line":11,"column":4},"end":{"line":11,"column":75}},"7":{"start":{"line":14,"column":16},"end":{"line":14,"column":37}},"8":{"start":{"line":15,"column":2},"end":{"line":17,"column":3}},"9":{"start":{"line":16,"column":4},"end":{"line":16,"column":77}},"10":{"start":{"line":19,"column":16},"end":{"line":19,"column":24}},"11":{"start":{"line":21,"column":2},"end":{"line":28,"column":3}},"12":{"start":{"line":22,"column":20},"end":{"line":22,"column":61}},"13":{"start":{"line":23,"column":4},"end":{"line":23,"column":23}},"14":{"start":{"line":24,"column":4},"end":{"line":24,"column":18}},"15":{"start":{"line":26,"column":4},"end":{"line":26,"column":66}},"16":{"start":{"line":27,"column":4},"end":{"line":27,"column":80}}},"fnMap":{"0":{"name":"ensureAuth","decl":{"start":{"line":7,"column":26},"end":{"line":7,"column":36}},"loc":{"start":{"line":7,"column":53},"end":{"line":29,"column":1}},"line":7}},"branchMap":{"0":{"loc":{"start":{"line":10,"column":2},"end":{"line":12,"column":3}},"type":"if","locations":[{"start":{"line":10,"column":2},"end":{"line":12,"column":3}},{"start":{},"end":{}}],"line":10},"1":{"loc":{"start":{"line":15,"column":2},"end":{"line":17,"column":3}},"type":"if","locations":[{"start":{"line":15,"column":2},"end":{"line":17,"column":3}},{"start":{},"end":{}}],"line":15},"2":{"loc":{"start":{"line":15,"column":6},"end":{"line":15,"column":49}},"type":"binary-expr","locations":[{"start":{"line":15,"column":6},"end":{"line":15,"column":24}},{"start":{"line":15,"column":28},"end":{"line":15,"column":49}}],"line":15}},"s":{"0":1,"1":1,"2":1,"3":1,"4":0,"5":0,"6":0,"7":0,"8":0,"9":0,"10":0,"11":0,"12":0,"13":0,"14":0,"15":0,"16":0},"f":{"0":0},"b":{"0":[0,0],"1":[0,0],"2":[0,0]},"_coverageSchema":"1a1c01bbd47fc00a2c39e90264f33305004495a9","hash":"57c5fe0a0c05ad977a183947c89f2744425afe09"}
,"/workspaces/Financial-Expenses-Tracker/server/middleware/logger.js": {"path":"/workspaces/Financial-Expenses-Tracker/server/middleware/logger.js","statementMap":{"0":{"start":{"line":1,"column":11},"end":{"line":1,"column":24}},"1":{"start":{"line":2,"column":13},"end":{"line":2,"column":28}},"2":{"start":{"line":5,"column":18},"end":{"line":5,"column":57}},"3":{"start":{"line":6,"column":20},"end":{"line":6,"column":44}},"4":{"start":{"line":7,"column":14},"end":{"line":7,"column":100}},"5":{"start":{"line":9,"column":2},"end":{"line":9,"column":47}},"6":{"start":{"line":11,"column":2},"end":{"line":13,"column":5}},"7":{"start":{"line":12,"column":4},"end":{"line":12,"column":55}},"8":{"start":{"line":12,"column":15},"end":{"line":12,"column":55}},"9":{"start":{"line":17,"column":0},"end":{"line":17,"column":32}}},"fnMap":{"0":{"name":"logErrorToFile","decl":{"start":{"line":4,"column":9},"end":{"line":4,"column":23}},"loc":{"start":{"line":4,"column":39},"end":{"line":14,"column":1}},"line":4},"1":{"name":"(anonymous_1)","decl":{"start":{"line":11,"column":30},"end":{"line":11,"column":31}},"loc":{"start":{"line":11,"column":41},"end":{"line":13,"column":3}},"line":11}},"branchMap":{"0":{"loc":{"start":{"line":4,"column":29},"end":{"line":4,"column":37}},"type":"default-arg","locations":[{"start":{"line":4,"column":35},"end":{"line":4,"column":37}}],"line":4},"1":{"loc":{"start":{"line":7,"column":32},"end":{"line":7,"column":48}},"type":"binary-expr","locations":[{"start":{"line":7,"column":32},"end":{"line":7,"column":42}},{"start":{"line":7,"column":46},"end":{"line":7,"column":48}}],"line":7},"2":{"loc":{"start":{"line":7,"column":52},"end":{"line":7,"column":73}},"type":"binary-expr","locations":[{"start":{"line":7,"column":52},"end":{"line":7,"column":67}},{"start":{"line":7,"column":71},"end":{"line":7,"column":73}}],"line":7},"3":{"loc":{"start":{"line":7,"column":78},"end":{"line":7,"column":94}},"type":"binary-expr","locations":[{"start":{"line":7,"column":78},"end":{"line":7,"column":87}},{"start":{"line":7,"column":91},"end":{"line":7,"column":94}}],"line":7},"4":{"loc":{"start":{"line":12,"column":4},"end":{"line":12,"column":55}},"type":"if","locations":[{"start":{"line":12,"column":4},"end":{"line":12,"column":55}},{"start":{},"end":{}}],"line":12}},"s":{"0":1,"1":1,"2":0,"3":0,"4":0,"5":0,"6":0,"7":0,"8":0,"9":1},"f":{"0":0,"1":0},"b":{"0":[0],"1":[0,0],"2":[0,0],"3":[0,0],"4":[0,0]},"_coverageSchema":"1a1c01bbd47fc00a2c39e90264f33305004495a9","hash":"f59a5049fa791721468bf82eac58008cef5a96d9"}
,"/workspaces/Financial-Expenses-Tracker/server/routes/budgets.js": {"path":"/workspaces/Financial-Expenses-Tracker/server/routes/budgets.js","statementMap":{"0":{"start":{"line":1,"column":16},"end":{"line":1,"column":34}},"1":{"start":{"line":2,"column":15},"end":{"line":2,"column":31}},"2":{"start":{"line":3,"column":19},"end":{"line":3,"column":48}},"3":{"start":{"line":4,"column":26},"end":{"line":4,"column":69}},"4":{"start":{"line":6,"column":0},"end":{"line":6,"column":23}},"5":{"start":{"line":8,"column":0},"end":{"line":8,"column":47}},"6":{"start":{"line":10,"column":0},"end":{"line":10,"column":57}},"7":{"start":{"line":12,"column":0},"end":{"line":12,"column":52}},"8":{"start":{"line":14,"column":0},"end":{"line":14,"column":65}},"9":{"start":{"line":16,"column":0},"end":{"line":16,"column":83}},"10":{"start":{"line":18,"column":0},"end":{"line":18,"column":85}},"11":{"start":{"line":20,"column":0},"end":{"line":20,"column":54}},"12":{"start":{"line":22,"column":0},"end":{"line":22,"column":24}}},"fnMap":{},"branchMap":{},"s":{"0":1,"1":1,"2":1,"3":1,"4":1,"5":1,"6":1,"7":1,"8":1,"9":1,"10":1,"11":1,"12":1},"f":{},"b":{},"_coverageSchema":"1a1c01bbd47fc00a2c39e90264f33305004495a9","hash":"581c7bb3b5b53a89850494a745f717fbef3e60a9"}
,"/workspaces/Financial-Expenses-Tracker/server/routes/expenses.js": {"path":"/workspaces/Financial-Expenses-Tracker/server/routes/expenses.js","statementMap":{"0":{"start":{"line":1,"column":16},"end":{"line":1,"column":34}},"1":{"start":{"line":2,"column":15},"end":{"line":2,"column":31}},"2":{"start":{"line":3,"column":19},"end":{"line":3,"column":48}},"3":{"start":{"line":4,"column":13},"end":{"line":4,"column":57}},"4":{"start":{"line":5,"column":23},"end":{"line":5,"column":54}},"5":{"start":{"line":7,"column":0},"end":{"line":7,"column":23}},"6":{"start":{"line":9,"column":0},"end":{"line":16,"column":3}},"7":{"start":{"line":10,"column":2},"end":{"line":15,"column":3}},"8":{"start":{"line":11,"column":4},"end":{"line":11,"column":39}},"9":{"start":{"line":13,"column":4},"end":{"line":13,"column":29}},"10":{"start":{"line":14,"column":4},"end":{"line":14,"column":64}},"11":{"start":{"line":18,"column":0},"end":{"line":25,"column":3}},"12":{"start":{"line":19,"column":2},"end":{"line":24,"column":3}},"13":{"start":{"line":20,"column":4},"end":{"line":20,"column":39}},"14":{"start":{"line":22,"column":4},"end":{"line":22,"column":29}},"15":{"start":{"line":23,"column":4},"end":{"line":23,"column":64}},"16":{"start":{"line":27,"column":0},"end":{"line":34,"column":3}},"17":{"start":{"line":28,"column":2},"end":{"line":33,"column":3}},"18":{"start":{"line":29,"column":4},"end":{"line":29,"column":33}},"19":{"start":{"line":31,"column":4},"end":{"line":31,"column":29}},"20":{"start":{"line":32,"column":4},"end":{"line":32,"column":62}},"21":{"start":{"line":36,"column":0},"end":{"line":43,"column":3}},"22":{"start":{"line":37,"column":2},"end":{"line":42,"column":3}},"23":{"start":{"line":38,"column":4},"end":{"line":38,"column":38}},"24":{"start":{"line":40,"column":4},"end":{"line":40,"column":29}},"25":{"start":{"line":41,"column":4},"end":{"line":41,"column":64}},"26":{"start":{"line":45,"column":0},"end":{"line":45,"column":24}}},"fnMap":{"0":{"name":"(anonymous_0)","decl":{"start":{"line":9,"column":39},"end":{"line":9,"column":40}},"loc":{"start":{"line":9,"column":59},"end":{"line":16,"column":1}},"line":9},"1":{"name":"(anonymous_1)","decl":{"start":{"line":18,"column":22},"end":{"line":18,"column":23}},"loc":{"start":{"line":18,"column":42},"end":{"line":25,"column":1}},"line":18},"2":{"name":"(anonymous_2)","decl":{"start":{"line":27,"column":23},"end":{"line":27,"column":24}},"loc":{"start":{"line":27,"column":43},"end":{"line":34,"column":1}},"line":27},"3":{"name":"(anonymous_3)","decl":{"start":{"line":36,"column":16},"end":{"line":36,"column":17}},"loc":{"start":{"line":36,"column":36},"end":{"line":43,"column":1}},"line":36}},"branchMap":{},"s":{"0":1,"1":1,"2":1,"3":1,"4":1,"5":1,"6":1,"7":0,"8":0,"9":0,"10":0,"11":1,"12":0,"13":0,"14":0,"15":0,"16":1,"17":0,"18":0,"19":0,"20":0,"21":1,"22":0,"23":0,"24":0,"25":0,"26":1},"f":{"0":0,"1":0,"2":0,"3":0},"b":{},"_coverageSchema":"1a1c01bbd47fc00a2c39e90264f33305004495a9","hash":"bb259380c00519d879c7db5abea6fe07f20ae4f6"}
,"/workspaces/Financial-Expenses-Tracker/server/routes/users.js": {"path":"/workspaces/Financial-Expenses-Tracker/server/routes/users.js","statementMap":{"0":{"start":{"line":1,"column":16},"end":{"line":1,"column":34}},"1":{"start":{"line":2,"column":15},"end":{"line":2,"column":31}},"2":{"start":{"line":3,"column":15},"end":{"line":3,"column":32}},"3":{"start":{"line":4,"column":11},"end":{"line":4,"column":27}},"4":{"start":{"line":5,"column":12},"end":{"line":5,"column":35}},"5":{"start":{"line":6,"column":11},"end":{"line":6,"column":33}},"6":{"start":{"line":7,"column":13},"end":{"line":7,"column":28}},"7":{"start":{"line":9,"column":20},"end":{"line":9,"column":64}},"8":{"start":{"line":10,"column":20},"end":{"line":10,"column":63}},"9":{"start":{"line":11,"column":19},"end":{"line":11,"column":41}},"10":{"start":{"line":12,"column":19},"end":{"line":12,"column":49}},"11":{"start":{"line":15,"column":20},"end":{"line":15,"column":44}},"12":{"start":{"line":16,"column":16},"end":{"line":16,"column":45}},"13":{"start":{"line":17,"column":2},"end":{"line":21,"column":3}},"14":{"start":{"line":18,"column":4},"end":{"line":18,"column":52}},"15":{"start":{"line":20,"column":4},"end":{"line":20,"column":48}},"16":{"start":{"line":25,"column":33},"end":{"line":25,"column":41}},"17":{"start":{"line":26,"column":2},"end":{"line":28,"column":3}},"18":{"start":{"line":27,"column":4},"end":{"line":27,"column":81}},"19":{"start":{"line":29,"column":2},"end":{"line":29,"column":38}},"20":{"start":{"line":30,"column":2},"end":{"line":30,"column":9}},"21":{"start":{"line":34,"column":2},"end":{"line":34,"column":66}},"22":{"start":{"line":37,"column":0},"end":{"line":69,"column":3}},"23":{"start":{"line":38,"column":33},"end":{"line":38,"column":41}},"24":{"start":{"line":39,"column":2},"end":{"line":39,"column":45}},"25":{"start":{"line":40,"column":2},"end":{"line":40,"column":60}},"26":{"start":{"line":42,"column":2},"end":{"line":68,"column":3}},"27":{"start":{"line":43,"column":40},"end":{"line":46,"column":5}},"28":{"start":{"line":47,"column":4},"end":{"line":50,"column":5}},"29":{"start":{"line":48,"column":6},"end":{"line":48,"column":70}},"30":{"start":{"line":49,"column":6},"end":{"line":49,"column":72}},"31":{"start":{"line":52,"column":27},"end":{"line":52,"column":67}},"32":{"start":{"line":54,"column":21},"end":{"line":57,"column":5}},"33":{"start":{"line":58,"column":17},"end":{"line":58,"column":24}},"34":{"start":{"line":60,"column":18},"end":{"line":60,"column":73}},"35":{"start":{"line":62,"column":4},"end":{"line":62,"column":77}},"36":{"start":{"line":63,"column":4},"end":{"line":63,"column":49}},"37":{"start":{"line":65,"column":4},"end":{"line":65,"column":42}},"38":{"start":{"line":66,"column":4},"end":{"line":66,"column":68}},"39":{"start":{"line":67,"column":4},"end":{"line":67,"column":68}},"40":{"start":{"line":71,"column":0},"end":{"line":102,"column":3}},"41":{"start":{"line":72,"column":33},"end":{"line":72,"column":41}},"42":{"start":{"line":73,"column":2},"end":{"line":73,"column":44}},"43":{"start":{"line":74,"column":2},"end":{"line":74,"column":59}},"44":{"start":{"line":76,"column":2},"end":{"line":101,"column":3}},"45":{"start":{"line":77,"column":21},"end":{"line":80,"column":5}},"46":{"start":{"line":81,"column":17},"end":{"line":81,"column":24}},"47":{"start":{"line":82,"column":4},"end":{"line":85,"column":5}},"48":{"start":{"line":83,"column":6},"end":{"line":83,"column":68}},"49":{"start":{"line":84,"column":6},"end":{"line":84,"column":68}},"50":{"start":{"line":87,"column":18},"end":{"line":87,"column":63}},"51":{"start":{"line":88,"column":4},"end":{"line":91,"column":5}},"52":{"start":{"line":89,"column":6},"end":{"line":89,"column":71}},"53":{"start":{"line":90,"column":6},"end":{"line":90,"column":68}},"54":{"start":{"line":93,"column":18},"end":{"line":93,"column":73}},"55":{"start":{"line":95,"column":4},"end":{"line":95,"column":76}},"56":{"start":{"line":96,"column":4},"end":{"line":96,"column":79}},"57":{"start":{"line":98,"column":4},"end":{"line":98,"column":41}},"58":{"start":{"line":99,"column":4},"end":{"line":99,"column":67}},"59":{"start":{"line":100,"column":4},"end":{"line":100,"column":68}},"60":{"start":{"line":104,"column":0},"end":{"line":104,"column":24}}},"fnMap":{"0":{"name":"logToFile","decl":{"start":{"line":14,"column":15},"end":{"line":14,"column":24}},"loc":{"start":{"line":14,"column":34},"end":{"line":22,"column":1}},"line":14},"1":{"name":"validateAuthFields","decl":{"start":{"line":24,"column":9},"end":{"line":24,"column":27}},"loc":{"start":{"line":24,"column":44},"end":{"line":31,"column":1}},"line":24},"2":{"name":"generateToken","decl":{"start":{"line":33,"column":9},"end":{"line":33,"column":22}},"loc":{"start":{"line":33,"column":32},"end":{"line":35,"column":1}},"line":33},"3":{"name":"(anonymous_3)","decl":{"start":{"line":37,"column":43},"end":{"line":37,"column":44}},"loc":{"start":{"line":37,"column":63},"end":{"line":69,"column":1}},"line":37},"4":{"name":"(anonymous_4)","decl":{"start":{"line":71,"column":42},"end":{"line":71,"column":43}},"loc":{"start":{"line":71,"column":62},"end":{"line":102,"column":1}},"line":71}},"branchMap":{"0":{"loc":{"start":{"line":10,"column":20},"end":{"line":10,"column":63}},"type":"binary-expr","locations":[{"start":{"line":10,"column":20},"end":{"line":10,"column":57}},{"start":{"line":10,"column":61},"end":{"line":10,"column":63}}],"line":10},"1":{"loc":{"start":{"line":12,"column":19},"end":{"line":12,"column":49}},"type":"binary-expr","locations":[{"start":{"line":12,"column":19},"end":{"line":12,"column":41}},{"start":{"line":12,"column":45},"end":{"line":12,"column":49}}],"line":12},"2":{"loc":{"start":{"line":26,"column":2},"end":{"line":28,"column":3}},"type":"if","locations":[{"start":{"line":26,"column":2},"end":{"line":28,"column":3}},{"start":{},"end":{}}],"line":26},"3":{"loc":{"start":{"line":26,"column":6},"end":{"line":26,"column":36}},"type":"binary-expr","locations":[{"start":{"line":26,"column":6},"end":{"line":26,"column":23}},{"start":{"line":26,"column":27},"end":{"line":26,"column":36}}],"line":26},"4":{"loc":{"start":{"line":47,"column":4},"end":{"line":50,"column":5}},"type":"if","locations":[{"start":{"line":47,"column":4},"end":{"line":50,"column":5}},{"start":{},"end":{}}],"line":47},"5":{"loc":{"start":{"line":82,"column":4},"end":{"line":85,"column":5}},"type":"if","locations":[{"start":{"line":82,"column":4},"end":{"line":85,"column":5}},{"start":{},"end":{}}],"line":82},"6":{"loc":{"start":{"line":88,"column":4},"end":{"line":91,"column":5}},"type":"if","locations":[{"start":{"line":88,"column":4},"end":{"line":91,"column":5}},{"start":{},"end":{}}],"line":88}},"s":{"0":1,"1":1,"2":1,"3":1,"4":1,"5":1,"6":1,"7":1,"8":1,"9":1,"10":1,"11":0,"12":0,"13":0,"14":0,"15":0,"16":0,"17":0,"18":0,"19":0,"20":0,"21":0,"22":1,"23":0,"24":0,"25":0,"26":0,"27":0,"28":0,"29":0,"30":0,"31":0,"32":0,"33":0,"34":0,"35":0,"36":0,"37":0,"38":0,"39":0,"40":1,"41":0,"42":0,"43":0,"44":0,"45":0,"46":0,"47":0,"48":0,"49":0,"50":0,"51":0,"52":0,"53":0,"54":0,"55":0,"56":0,"57":0,"58":0,"59":0,"60":1},"f":{"0":0,"1":0,"2":0,"3":0,"4":0},"b":{"0":[1,1],"1":[1,1],"2":[0,0],"3":[0,0],"4":[0,0],"5":[0,0],"6":[0,0]},"_coverageSchema":"1a1c01bbd47fc00a2c39e90264f33305004495a9","hash":"e1ce0f4ae7a36810b90933711ead23304f348ca6"}
,"/workspaces/Financial-Expenses-Tracker/server/routes/visualization.js": {"path":"/workspaces/Financial-Expenses-Tracker/server/routes/visualization.js","statementMap":{"0":{"start":{"line":1,"column":16},"end":{"line":1,"column":34}},"1":{"start":{"line":2,"column":15},"end":{"line":2,"column":31}},"2":{"start":{"line":3,"column":19},"end":{"line":3,"column":48}},"3":{"start":{"line":4,"column":55},"end":{"line":4,"column":104}},"4":{"start":{"line":6,"column":0},"end":{"line":6,"column":23}},"5":{"start":{"line":8,"column":0},"end":{"line":8,"column":42}},"6":{"start":{"line":9,"column":0},"end":{"line":9,"column":56}},"7":{"start":{"line":11,"column":0},"end":{"line":11,"column":54}},"8":{"start":{"line":13,"column":0},"end":{"line":13,"column":24}}},"fnMap":{},"branchMap":{},"s":{"0":1,"1":1,"2":1,"3":1,"4":1,"5":1,"6":1,"7":1,"8":1},"f":{},"b":{},"_coverageSchema":"1a1c01bbd47fc00a2c39e90264f33305004495a9","hash":"895ef6f290fd816f5c5ba3cff394e622513d947e"}
}
